<?xml version="1.0" encoding="UTF-8"?>
<!-- Generated by org.testng.reporters.JUnitXMLReporter -->
<testsuite hostname="DESKTOP-B2FEL6J" ignored="1" name="Default test" tests="3" failures="0" timestamp="2020-09-05T18:34:35 IST" time="35.09" errors="0">
  <testcase name="ClickonAdmin" time="2.568" classname="com.example.DashBoradTest"/>
  <testcase name="ClickonLeave" time="2.643" classname="com.example.DashBoradTest"/>
  <testcase name="ClickonTime" time="1.262" classname="com.example.DashBoradTest"/>
  <testcase name="ClickonPIM" time="0.0" classname="com.example.DashBoradTest">
    <ignored/>
  </testcase> <!-- ClickonPIM -->
</testsuite> <!-- Default test -->
