<?xml version="1.0" encoding="UTF-8"?>
<testng-results skipped="0" failed="0" ignored="0" total="1" passed="1">
  <reporter-output>
  </reporter-output>
  <suite name="Default suite" duration-ms="24848" started-at="2020-08-29T10:02:05 IST" finished-at="2020-08-29T10:02:30 IST">
    <groups>
    </groups>
    <test name="Default test" duration-ms="24848" started-at="2020-08-29T10:02:05 IST" finished-at="2020-08-29T10:02:30 IST">
      <class name="com.example.OrganLoginTest">
        <test-method status="PASS" signature="setup()[pri:0, instance:com.example.OrganLoginTest@26aa12dd]" name="setup" is-config="true" duration-ms="15195" started-at="2020-08-29T10:02:05 IST" finished-at="2020-08-29T10:02:20 IST">
          <reporter-output>
          </reporter-output>
        </test-method> <!-- setup -->
        <test-method status="PASS" signature="logintest()[pri:0, instance:com.example.OrganLoginTest@26aa12dd]" name="logintest" duration-ms="8039" started-at="2020-08-29T10:02:20 IST" finished-at="2020-08-29T10:02:28 IST">
          <reporter-output>
          </reporter-output>
        </test-method> <!-- logintest -->
        <test-method status="PASS" signature="teardown()[pri:0, instance:com.example.OrganLoginTest@26aa12dd]" name="teardown" is-config="true" duration-ms="1490" started-at="2020-08-29T10:02:29 IST" finished-at="2020-08-29T10:02:30 IST">
          <reporter-output>
          </reporter-output>
        </test-method> <!-- teardown -->
      </class> <!-- com.example.OrganLoginTest -->
    </test> <!-- Default test -->
  </suite> <!-- Default suite -->
</testng-results>
